{"/home/aditya/Projects/whatsthat/backend/index.js": {"path":"/home/aditya/Projects/whatsthat/backend/index.js","statementMap":{"0":{"start":{"line":2,"column":16},"end":{"line":2,"column":34}},"1":{"start":{"line":3,"column":16},"end":{"line":3,"column":34}},"2":{"start":{"line":7,"column":12},"end":{"line":7,"column":21}},"3":{"start":{"line":10,"column":0},"end":{"line":10,"column":28}},"4":{"start":{"line":13,"column":0},"end":{"line":13,"column":33}},"5":{"start":{"line":16,"column":0},"end":{"line":16,"column":26}},"6":{"start":{"line":19,"column":0},"end":{"line":19,"column":30}},"7":{"start":{"line":22,"column":0},"end":{"line":22,"column":32}},"8":{"start":{"line":25,"column":13},"end":{"line":25,"column":37}},"9":{"start":{"line":26,"column":15},"end":{"line":28,"column":1}},"10":{"start":{"line":27,"column":4},"end":{"line":27,"column":48}},"11":{"start":{"line":30,"column":0},"end":{"line":30,"column":24}}},"fnMap":{"0":{"name":"(anonymous_0)","decl":{"start":{"line":26,"column":32},"end":{"line":26,"column":33}},"loc":{"start":{"line":27,"column":4},"end":{"line":27,"column":48}},"line":27}},"branchMap":{"0":{"loc":{"start":{"line":25,"column":13},"end":{"line":25,"column":37}},"type":"binary-expr","locations":[{"start":{"line":25,"column":13},"end":{"line":25,"column":29}},{"start":{"line":25,"column":33},"end":{"line":25,"column":37}}],"line":25}},"s":{"0":3,"1":3,"2":3,"3":3,"4":3,"5":3,"6":3,"7":3,"8":3,"9":3,"10":2,"11":3},"f":{"0":2},"b":{"0":[3,3]},"_coverageSchema":"1a1c01bbd47fc00a2c39e90264f33305004495a9","hash":"71424df1ed9dd3509648df02c2973c4e8cd969a2"}
,"/home/aditya/Projects/whatsthat/backend/middleware/auth.js": {"path":"/home/aditya/Projects/whatsthat/backend/middleware/auth.js","statementMap":{"0":{"start":{"line":1,"column":12},"end":{"line":1,"column":35}},"1":{"start":{"line":2,"column":15},"end":{"line":2,"column":32}},"2":{"start":{"line":5,"column":18},"end":{"line":5,"column":44}},"3":{"start":{"line":8,"column":4},"end":{"line":11,"column":5}},"4":{"start":{"line":10,"column":8},"end":{"line":10,"column":73}},"5":{"start":{"line":13,"column":4},"end":{"line":20,"column":5}},"6":{"start":{"line":14,"column":24},"end":{"line":14,"column":70}},"7":{"start":{"line":15,"column":8},"end":{"line":15,"column":27}},"8":{"start":{"line":16,"column":8},"end":{"line":16,"column":15}},"9":{"start":{"line":19,"column":8},"end":{"line":19,"column":47}},"10":{"start":{"line":23,"column":0},"end":{"line":23,"column":22}}},"fnMap":{"0":{"name":"auth","decl":{"start":{"line":4,"column":9},"end":{"line":4,"column":13}},"loc":{"start":{"line":4,"column":30},"end":{"line":21,"column":1}},"line":4}},"branchMap":{"0":{"loc":{"start":{"line":8,"column":4},"end":{"line":11,"column":5}},"type":"if","locations":[{"start":{"line":8,"column":4},"end":{"line":11,"column":5}},{"start":{"line":8,"column":4},"end":{"line":11,"column":5}}],"line":8}},"s":{"0":4,"1":4,"2":14,"3":14,"4":1,"5":13,"6":13,"7":12,"8":12,"9":1,"10":4},"f":{"0":14},"b":{"0":[1,13]},"_coverageSchema":"1a1c01bbd47fc00a2c39e90264f33305004495a9","hash":"be5e71c0e1b6835baec87c89bf6312cc44d75a13"}
,"/home/aditya/Projects/whatsthat/backend/middleware/error.js": {"path":"/home/aditya/Projects/whatsthat/backend/middleware/error.js","statementMap":{"0":{"start":{"line":1,"column":0},"end":{"line":3,"column":2}},"1":{"start":{"line":2,"column":4},"end":{"line":2,"column":46}}},"fnMap":{"0":{"name":"(anonymous_0)","decl":{"start":{"line":1,"column":17},"end":{"line":1,"column":18}},"loc":{"start":{"line":1,"column":48},"end":{"line":3,"column":1}},"line":1}},"branchMap":{},"s":{"0":3,"1":0},"f":{"0":0},"b":{},"_coverageSchema":"1a1c01bbd47fc00a2c39e90264f33305004495a9","hash":"e250a757e5acd07b371daed6b87e80e0c55f539e"}
,"/home/aditya/Projects/whatsthat/backend/models/invitation.js": {"path":"/home/aditya/Projects/whatsthat/backend/models/invitation.js","statementMap":{"0":{"start":{"line":15,"column":17},"end":{"line":15,"column":36}},"1":{"start":{"line":16,"column":12},"end":{"line":16,"column":26}},"2":{"start":{"line":18,"column":27},"end":{"line":26,"column":2}},"3":{"start":{"line":28,"column":19},"end":{"line":36,"column":2}},"4":{"start":{"line":38,"column":25},"end":{"line":59,"column":2}},"5":{"start":{"line":61,"column":19},"end":{"line":61,"column":65}},"6":{"start":{"line":63,"column":27},"end":{"line":69,"column":1}},"7":{"start":{"line":64,"column":19},"end":{"line":66,"column":6}},"8":{"start":{"line":68,"column":4},"end":{"line":68,"column":39}},"9":{"start":{"line":71,"column":36},"end":{"line":78,"column":1}},"10":{"start":{"line":72,"column":19},"end":{"line":75,"column":6}},"11":{"start":{"line":77,"column":4},"end":{"line":77,"column":39}},"12":{"start":{"line":80,"column":0},"end":{"line":80,"column":32}},"13":{"start":{"line":81,"column":0},"end":{"line":81,"column":48}},"14":{"start":{"line":82,"column":0},"end":{"line":82,"column":66}}},"fnMap":{"0":{"name":"(anonymous_0)","decl":{"start":{"line":63,"column":27},"end":{"line":63,"column":28}},"loc":{"start":{"line":63,"column":43},"end":{"line":69,"column":1}},"line":63},"1":{"name":"(anonymous_1)","decl":{"start":{"line":71,"column":36},"end":{"line":71,"column":37}},"loc":{"start":{"line":71,"column":52},"end":{"line":78,"column":1}},"line":71}},"branchMap":{},"s":{"0":3,"1":3,"2":3,"3":3,"4":3,"5":3,"6":3,"7":0,"8":0,"9":3,"10":0,"11":0,"12":3,"13":3,"14":3},"f":{"0":0,"1":0},"b":{},"_coverageSchema":"1a1c01bbd47fc00a2c39e90264f33305004495a9","hash":"10e282e7e7c735083131d2ffab9a30a9eea98c02"}
,"/home/aditya/Projects/whatsthat/backend/models/organization.js": {"path":"/home/aditya/Projects/whatsthat/backend/models/organization.js","statementMap":{"0":{"start":{"line":14,"column":17},"end":{"line":14,"column":36}},"1":{"start":{"line":15,"column":12},"end":{"line":15,"column":26}},"2":{"start":{"line":16,"column":15},"end":{"line":16,"column":32}},"3":{"start":{"line":17,"column":12},"end":{"line":17,"column":35}},"4":{"start":{"line":19,"column":27},"end":{"line":29,"column":2}},"5":{"start":{"line":31,"column":0},"end":{"line":34,"column":2}},"6":{"start":{"line":32,"column":18},"end":{"line":32,"column":74}},"7":{"start":{"line":33,"column":4},"end":{"line":33,"column":17}},"8":{"start":{"line":36,"column":21},"end":{"line":36,"column":71}},"9":{"start":{"line":38,"column":29},"end":{"line":45,"column":1}},"10":{"start":{"line":39,"column":19},"end":{"line":42,"column":6}},"11":{"start":{"line":44,"column":4},"end":{"line":44,"column":41}},"12":{"start":{"line":47,"column":0},"end":{"line":47,"column":36}},"13":{"start":{"line":48,"column":0},"end":{"line":48,"column":52}}},"fnMap":{"0":{"name":"(anonymous_0)","decl":{"start":{"line":31,"column":47},"end":{"line":31,"column":48}},"loc":{"start":{"line":31,"column":59},"end":{"line":34,"column":1}},"line":31},"1":{"name":"(anonymous_1)","decl":{"start":{"line":38,"column":29},"end":{"line":38,"column":30}},"loc":{"start":{"line":38,"column":47},"end":{"line":45,"column":1}},"line":38}},"branchMap":{},"s":{"0":3,"1":3,"2":3,"3":3,"4":3,"5":3,"6":3,"7":3,"8":3,"9":3,"10":0,"11":0,"12":3,"13":3},"f":{"0":3,"1":0},"b":{},"_coverageSchema":"1a1c01bbd47fc00a2c39e90264f33305004495a9","hash":"68273fa97acdb7186680f94ae3bdaaa5f0f63398"}
,"/home/aditya/Projects/whatsthat/backend/models/shorts.js": {"path":"/home/aditya/Projects/whatsthat/backend/models/shorts.js","statementMap":{"0":{"start":{"line":14,"column":17},"end":{"line":14,"column":36}},"1":{"start":{"line":15,"column":12},"end":{"line":15,"column":26}},"2":{"start":{"line":17,"column":21},"end":{"line":33,"column":2}},"3":{"start":{"line":35,"column":14},"end":{"line":35,"column":51}},"4":{"start":{"line":37,"column":22},"end":{"line":44,"column":1}},"5":{"start":{"line":38,"column":19},"end":{"line":41,"column":6}},"6":{"start":{"line":43,"column":4},"end":{"line":43,"column":38}},"7":{"start":{"line":46,"column":28},"end":{"line":54,"column":1}},"8":{"start":{"line":47,"column":19},"end":{"line":51,"column":6}},"9":{"start":{"line":53,"column":4},"end":{"line":53,"column":38}},"10":{"start":{"line":56,"column":0},"end":{"line":56,"column":22}},"11":{"start":{"line":57,"column":0},"end":{"line":57,"column":38}},"12":{"start":{"line":58,"column":0},"end":{"line":58,"column":50}}},"fnMap":{"0":{"name":"(anonymous_0)","decl":{"start":{"line":37,"column":22},"end":{"line":37,"column":23}},"loc":{"start":{"line":37,"column":37},"end":{"line":44,"column":1}},"line":37},"1":{"name":"(anonymous_1)","decl":{"start":{"line":46,"column":28},"end":{"line":46,"column":29}},"loc":{"start":{"line":46,"column":43},"end":{"line":54,"column":1}},"line":46}},"branchMap":{},"s":{"0":3,"1":3,"2":3,"3":3,"4":3,"5":0,"6":0,"7":3,"8":0,"9":0,"10":3,"11":3,"12":3},"f":{"0":0,"1":0},"b":{},"_coverageSchema":"1a1c01bbd47fc00a2c39e90264f33305004495a9","hash":"b21627b703b6c22125616dba6cc60dbed19f7c62"}
,"/home/aditya/Projects/whatsthat/backend/models/user.js": {"path":"/home/aditya/Projects/whatsthat/backend/models/user.js","statementMap":{"0":{"start":{"line":13,"column":17},"end":{"line":13,"column":36}},"1":{"start":{"line":14,"column":12},"end":{"line":14,"column":26}},"2":{"start":{"line":15,"column":15},"end":{"line":15,"column":32}},"3":{"start":{"line":16,"column":12},"end":{"line":16,"column":35}},"4":{"start":{"line":18,"column":19},"end":{"line":28,"column":2}},"5":{"start":{"line":30,"column":0},"end":{"line":33,"column":2}},"6":{"start":{"line":31,"column":18},"end":{"line":31,"column":74}},"7":{"start":{"line":32,"column":4},"end":{"line":32,"column":17}},"8":{"start":{"line":35,"column":13},"end":{"line":35,"column":47}},"9":{"start":{"line":37,"column":21},"end":{"line":44,"column":1}},"10":{"start":{"line":38,"column":19},"end":{"line":41,"column":6}},"11":{"start":{"line":43,"column":4},"end":{"line":43,"column":33}},"12":{"start":{"line":46,"column":0},"end":{"line":46,"column":20}},"13":{"start":{"line":47,"column":0},"end":{"line":47,"column":36}}},"fnMap":{"0":{"name":"(anonymous_0)","decl":{"start":{"line":30,"column":39},"end":{"line":30,"column":40}},"loc":{"start":{"line":30,"column":51},"end":{"line":33,"column":1}},"line":30},"1":{"name":"(anonymous_1)","decl":{"start":{"line":37,"column":21},"end":{"line":37,"column":22}},"loc":{"start":{"line":37,"column":31},"end":{"line":44,"column":1}},"line":37}},"branchMap":{},"s":{"0":4,"1":4,"2":4,"3":4,"4":4,"5":4,"6":12,"7":12,"8":4,"9":4,"10":12,"11":12,"12":4,"13":4},"f":{"0":12,"1":12},"b":{},"_coverageSchema":"1a1c01bbd47fc00a2c39e90264f33305004495a9","hash":"d80275ebf2540caccd3587b8de8996fdd2d8291d"}
,"/home/aditya/Projects/whatsthat/backend/routes/authentication.js": {"path":"/home/aditya/Projects/whatsthat/backend/routes/authentication.js","statementMap":{"0":{"start":{"line":8,"column":16},"end":{"line":8,"column":34}},"1":{"start":{"line":9,"column":15},"end":{"line":9,"column":32}},"2":{"start":{"line":10,"column":12},"end":{"line":10,"column":26}},"3":{"start":{"line":13,"column":17},"end":{"line":13,"column":42}},"4":{"start":{"line":14,"column":25},"end":{"line":14,"column":58}},"5":{"start":{"line":16,"column":15},"end":{"line":16,"column":31}},"6":{"start":{"line":18,"column":21},"end":{"line":25,"column":1}},"7":{"start":{"line":19,"column":19},"end":{"line":22,"column":6}},"8":{"start":{"line":24,"column":4},"end":{"line":24,"column":32}},"9":{"start":{"line":27,"column":29},"end":{"line":34,"column":1}},"10":{"start":{"line":28,"column":19},"end":{"line":31,"column":6}},"11":{"start":{"line":33,"column":4},"end":{"line":33,"column":32}},"12":{"start":{"line":47,"column":0},"end":{"line":74,"column":3}},"13":{"start":{"line":49,"column":22},"end":{"line":49,"column":44}},"14":{"start":{"line":50,"column":4},"end":{"line":52,"column":5}},"15":{"start":{"line":51,"column":8},"end":{"line":51,"column":62}},"16":{"start":{"line":55,"column":17},"end":{"line":55,"column":68}},"17":{"start":{"line":56,"column":4},"end":{"line":58,"column":5}},"18":{"start":{"line":57,"column":8},"end":{"line":57,"column":68}},"19":{"start":{"line":61,"column":29},"end":{"line":64,"column":5}},"20":{"start":{"line":66,"column":4},"end":{"line":68,"column":5}},"21":{"start":{"line":67,"column":8},"end":{"line":67,"column":68}},"22":{"start":{"line":71,"column":18},"end":{"line":71,"column":42}},"23":{"start":{"line":73,"column":4},"end":{"line":73,"column":39}},"24":{"start":{"line":87,"column":0},"end":{"line":114,"column":3}},"25":{"start":{"line":89,"column":22},"end":{"line":89,"column":52}},"26":{"start":{"line":90,"column":4},"end":{"line":92,"column":5}},"27":{"start":{"line":91,"column":8},"end":{"line":91,"column":62}},"28":{"start":{"line":95,"column":25},"end":{"line":95,"column":76}},"29":{"start":{"line":96,"column":4},"end":{"line":98,"column":5}},"30":{"start":{"line":97,"column":8},"end":{"line":97,"column":64}},"31":{"start":{"line":101,"column":29},"end":{"line":104,"column":5}},"32":{"start":{"line":106,"column":4},"end":{"line":108,"column":5}},"33":{"start":{"line":107,"column":8},"end":{"line":107,"column":68}},"34":{"start":{"line":111,"column":18},"end":{"line":111,"column":50}},"35":{"start":{"line":113,"column":4},"end":{"line":113,"column":39}},"36":{"start":{"line":116,"column":0},"end":{"line":116,"column":24}}},"fnMap":{"0":{"name":"(anonymous_0)","decl":{"start":{"line":18,"column":21},"end":{"line":18,"column":22}},"loc":{"start":{"line":18,"column":30},"end":{"line":25,"column":1}},"line":18},"1":{"name":"(anonymous_1)","decl":{"start":{"line":27,"column":29},"end":{"line":27,"column":30}},"loc":{"start":{"line":27,"column":38},"end":{"line":34,"column":1}},"line":27},"2":{"name":"(anonymous_2)","decl":{"start":{"line":47,"column":22},"end":{"line":47,"column":23}},"loc":{"start":{"line":47,"column":42},"end":{"line":74,"column":1}},"line":47},"3":{"name":"(anonymous_3)","decl":{"start":{"line":87,"column":30},"end":{"line":87,"column":31}},"loc":{"start":{"line":87,"column":50},"end":{"line":114,"column":1}},"line":87}},"branchMap":{"0":{"loc":{"start":{"line":50,"column":4},"end":{"line":52,"column":5}},"type":"if","locations":[{"start":{"line":50,"column":4},"end":{"line":52,"column":5}},{"start":{"line":50,"column":4},"end":{"line":52,"column":5}}],"line":50},"1":{"loc":{"start":{"line":56,"column":4},"end":{"line":58,"column":5}},"type":"if","locations":[{"start":{"line":56,"column":4},"end":{"line":58,"column":5}},{"start":{"line":56,"column":4},"end":{"line":58,"column":5}}],"line":56},"2":{"loc":{"start":{"line":66,"column":4},"end":{"line":68,"column":5}},"type":"if","locations":[{"start":{"line":66,"column":4},"end":{"line":68,"column":5}},{"start":{"line":66,"column":4},"end":{"line":68,"column":5}}],"line":66},"3":{"loc":{"start":{"line":90,"column":4},"end":{"line":92,"column":5}},"type":"if","locations":[{"start":{"line":90,"column":4},"end":{"line":92,"column":5}},{"start":{"line":90,"column":4},"end":{"line":92,"column":5}}],"line":90},"4":{"loc":{"start":{"line":96,"column":4},"end":{"line":98,"column":5}},"type":"if","locations":[{"start":{"line":96,"column":4},"end":{"line":98,"column":5}},{"start":{"line":96,"column":4},"end":{"line":98,"column":5}}],"line":96},"5":{"loc":{"start":{"line":106,"column":4},"end":{"line":108,"column":5}},"type":"if","locations":[{"start":{"line":106,"column":4},"end":{"line":108,"column":5}},{"start":{"line":106,"column":4},"end":{"line":108,"column":5}}],"line":106}},"s":{"0":3,"1":3,"2":3,"3":3,"4":3,"5":3,"6":3,"7":0,"8":0,"9":3,"10":0,"11":0,"12":3,"13":0,"14":0,"15":0,"16":0,"17":0,"18":0,"19":0,"20":0,"21":0,"22":0,"23":0,"24":3,"25":0,"26":0,"27":0,"28":0,"29":0,"30":0,"31":0,"32":0,"33":0,"34":0,"35":0,"36":3},"f":{"0":0,"1":0,"2":0,"3":0},"b":{"0":[0,0],"1":[0,0],"2":[0,0],"3":[0,0],"4":[0,0],"5":[0,0]},"_coverageSchema":"1a1c01bbd47fc00a2c39e90264f33305004495a9","hash":"2515601ac32c10a4679498832cbc3384fecc79c2"}
,"/home/aditya/Projects/whatsthat/backend/routes/invitations.js": {"path":"/home/aditya/Projects/whatsthat/backend/routes/invitations.js","statementMap":{"0":{"start":{"line":13,"column":16},"end":{"line":13,"column":34}},"1":{"start":{"line":14,"column":17},"end":{"line":14,"column":36}},"2":{"start":{"line":15,"column":13},"end":{"line":15,"column":28}},"3":{"start":{"line":18,"column":13},"end":{"line":18,"column":42}},"4":{"start":{"line":23,"column":4},"end":{"line":23,"column":35}},"5":{"start":{"line":24,"column":25},"end":{"line":24,"column":58}},"6":{"start":{"line":25,"column":17},"end":{"line":25,"column":42}},"7":{"start":{"line":27,"column":15},"end":{"line":27,"column":31}},"8":{"start":{"line":28,"column":0},"end":{"line":28,"column":20}},"9":{"start":{"line":43,"column":0},"end":{"line":80,"column":3}},"10":{"start":{"line":45,"column":22},"end":{"line":45,"column":50}},"11":{"start":{"line":46,"column":4},"end":{"line":48,"column":5}},"12":{"start":{"line":47,"column":8},"end":{"line":47,"column":56}},"13":{"start":{"line":52,"column":23},"end":{"line":52,"column":64}},"14":{"start":{"line":53,"column":4},"end":{"line":55,"column":5}},"15":{"start":{"line":54,"column":8},"end":{"line":54,"column":61}},"16":{"start":{"line":58,"column":22},"end":{"line":58,"column":59}},"17":{"start":{"line":59,"column":4},"end":{"line":61,"column":5}},"18":{"start":{"line":60,"column":8},"end":{"line":60,"column":53}},"19":{"start":{"line":64,"column":23},"end":{"line":73,"column":6}},"20":{"start":{"line":75,"column":4},"end":{"line":75,"column":28}},"21":{"start":{"line":77,"column":4},"end":{"line":79,"column":6}},"22":{"start":{"line":96,"column":0},"end":{"line":181,"column":3}},"23":{"start":{"line":98,"column":22},"end":{"line":98,"column":59}},"24":{"start":{"line":99,"column":4},"end":{"line":101,"column":5}},"25":{"start":{"line":100,"column":8},"end":{"line":100,"column":56}},"26":{"start":{"line":103,"column":19},"end":{"line":106,"column":5}},"27":{"start":{"line":109,"column":21},"end":{"line":109,"column":59}},"28":{"start":{"line":110,"column":4},"end":{"line":112,"column":5}},"29":{"start":{"line":111,"column":8},"end":{"line":111,"column":59}},"30":{"start":{"line":115,"column":4},"end":{"line":180,"column":5}},"31":{"start":{"line":118,"column":8},"end":{"line":120,"column":11}},"32":{"start":{"line":121,"column":8},"end":{"line":121,"column":32}},"33":{"start":{"line":123,"column":8},"end":{"line":123,"column":53}},"34":{"start":{"line":124,"column":11},"end":{"line":180,"column":5}},"35":{"start":{"line":128,"column":27},"end":{"line":130,"column":9}},"36":{"start":{"line":131,"column":8},"end":{"line":133,"column":9}},"37":{"start":{"line":132,"column":12},"end":{"line":132,"column":65}},"38":{"start":{"line":136,"column":19},"end":{"line":136,"column":59}},"39":{"start":{"line":137,"column":8},"end":{"line":139,"column":9}},"40":{"start":{"line":138,"column":12},"end":{"line":138,"column":57}},"41":{"start":{"line":143,"column":8},"end":{"line":177,"column":9}},"42":{"start":{"line":144,"column":12},"end":{"line":174,"column":23}},"43":{"start":{"line":176,"column":12},"end":{"line":176,"column":66}},"44":{"start":{"line":179,"column":8},"end":{"line":179,"column":66}},"45":{"start":{"line":194,"column":0},"end":{"line":207,"column":3}},"46":{"start":{"line":196,"column":22},"end":{"line":196,"column":59}},"47":{"start":{"line":197,"column":4},"end":{"line":199,"column":5}},"48":{"start":{"line":198,"column":8},"end":{"line":198,"column":56}},"49":{"start":{"line":201,"column":21},"end":{"line":201,"column":68}},"50":{"start":{"line":202,"column":4},"end":{"line":204,"column":5}},"51":{"start":{"line":203,"column":8},"end":{"line":203,"column":59}},"52":{"start":{"line":206,"column":4},"end":{"line":206,"column":61}},"53":{"start":{"line":217,"column":0},"end":{"line":222,"column":3}},"54":{"start":{"line":220,"column":22},"end":{"line":220,"column":76}},"55":{"start":{"line":221,"column":4},"end":{"line":221,"column":38}},"56":{"start":{"line":232,"column":0},"end":{"line":247,"column":3}},"57":{"start":{"line":234,"column":22},"end":{"line":234,"column":57}},"58":{"start":{"line":235,"column":17},"end":{"line":235,"column":48}},"59":{"start":{"line":236,"column":4},"end":{"line":238,"column":5}},"60":{"start":{"line":237,"column":8},"end":{"line":237,"column":59}},"61":{"start":{"line":242,"column":22},"end":{"line":245,"column":6}},"62":{"start":{"line":246,"column":4},"end":{"line":246,"column":38}},"63":{"start":{"line":257,"column":0},"end":{"line":264,"column":3}},"64":{"start":{"line":260,"column":22},"end":{"line":262,"column":6}},"65":{"start":{"line":263,"column":4},"end":{"line":263,"column":38}},"66":{"start":{"line":274,"column":0},"end":{"line":289,"column":3}},"67":{"start":{"line":276,"column":22},"end":{"line":276,"column":57}},"68":{"start":{"line":277,"column":17},"end":{"line":277,"column":48}},"69":{"start":{"line":278,"column":4},"end":{"line":280,"column":5}},"70":{"start":{"line":279,"column":8},"end":{"line":279,"column":59}},"71":{"start":{"line":284,"column":22},"end":{"line":287,"column":6}},"72":{"start":{"line":288,"column":4},"end":{"line":288,"column":38}},"73":{"start":{"line":291,"column":0},"end":{"line":291,"column":24}}},"fnMap":{"0":{"name":"(anonymous_0)","decl":{"start":{"line":43,"column":29},"end":{"line":43,"column":30}},"loc":{"start":{"line":43,"column":49},"end":{"line":80,"column":1}},"line":43},"1":{"name":"(anonymous_1)","decl":{"start":{"line":96,"column":29},"end":{"line":96,"column":30}},"loc":{"start":{"line":96,"column":49},"end":{"line":181,"column":1}},"line":96},"2":{"name":"(anonymous_2)","decl":{"start":{"line":194,"column":29},"end":{"line":194,"column":30}},"loc":{"start":{"line":194,"column":49},"end":{"line":207,"column":1}},"line":194},"3":{"name":"(anonymous_3)","decl":{"start":{"line":217,"column":42},"end":{"line":217,"column":43}},"loc":{"start":{"line":217,"column":62},"end":{"line":222,"column":1}},"line":217},"4":{"name":"(anonymous_4)","decl":{"start":{"line":232,"column":46},"end":{"line":232,"column":47}},"loc":{"start":{"line":232,"column":66},"end":{"line":247,"column":1}},"line":232},"5":{"name":"(anonymous_5)","decl":{"start":{"line":257,"column":50},"end":{"line":257,"column":51}},"loc":{"start":{"line":257,"column":70},"end":{"line":264,"column":1}},"line":257},"6":{"name":"(anonymous_6)","decl":{"start":{"line":274,"column":54},"end":{"line":274,"column":55}},"loc":{"start":{"line":274,"column":74},"end":{"line":289,"column":1}},"line":274}},"branchMap":{"0":{"loc":{"start":{"line":46,"column":4},"end":{"line":48,"column":5}},"type":"if","locations":[{"start":{"line":46,"column":4},"end":{"line":48,"column":5}},{"start":{"line":46,"column":4},"end":{"line":48,"column":5}}],"line":46},"1":{"loc":{"start":{"line":53,"column":4},"end":{"line":55,"column":5}},"type":"if","locations":[{"start":{"line":53,"column":4},"end":{"line":55,"column":5}},{"start":{"line":53,"column":4},"end":{"line":55,"column":5}}],"line":53},"2":{"loc":{"start":{"line":59,"column":4},"end":{"line":61,"column":5}},"type":"if","locations":[{"start":{"line":59,"column":4},"end":{"line":61,"column":5}},{"start":{"line":59,"column":4},"end":{"line":61,"column":5}}],"line":59},"3":{"loc":{"start":{"line":99,"column":4},"end":{"line":101,"column":5}},"type":"if","locations":[{"start":{"line":99,"column":4},"end":{"line":101,"column":5}},{"start":{"line":99,"column":4},"end":{"line":101,"column":5}}],"line":99},"4":{"loc":{"start":{"line":110,"column":4},"end":{"line":112,"column":5}},"type":"if","locations":[{"start":{"line":110,"column":4},"end":{"line":112,"column":5}},{"start":{"line":110,"column":4},"end":{"line":112,"column":5}}],"line":110},"5":{"loc":{"start":{"line":115,"column":4},"end":{"line":180,"column":5}},"type":"if","locations":[{"start":{"line":115,"column":4},"end":{"line":180,"column":5}},{"start":{"line":115,"column":4},"end":{"line":180,"column":5}}],"line":115},"6":{"loc":{"start":{"line":124,"column":11},"end":{"line":180,"column":5}},"type":"if","locations":[{"start":{"line":124,"column":11},"end":{"line":180,"column":5}},{"start":{"line":124,"column":11},"end":{"line":180,"column":5}}],"line":124},"7":{"loc":{"start":{"line":131,"column":8},"end":{"line":133,"column":9}},"type":"if","locations":[{"start":{"line":131,"column":8},"end":{"line":133,"column":9}},{"start":{"line":131,"column":8},"end":{"line":133,"column":9}}],"line":131},"8":{"loc":{"start":{"line":137,"column":8},"end":{"line":139,"column":9}},"type":"if","locations":[{"start":{"line":137,"column":8},"end":{"line":139,"column":9}},{"start":{"line":137,"column":8},"end":{"line":139,"column":9}}],"line":137},"9":{"loc":{"start":{"line":197,"column":4},"end":{"line":199,"column":5}},"type":"if","locations":[{"start":{"line":197,"column":4},"end":{"line":199,"column":5}},{"start":{"line":197,"column":4},"end":{"line":199,"column":5}}],"line":197},"10":{"loc":{"start":{"line":202,"column":4},"end":{"line":204,"column":5}},"type":"if","locations":[{"start":{"line":202,"column":4},"end":{"line":204,"column":5}},{"start":{"line":202,"column":4},"end":{"line":204,"column":5}}],"line":202},"11":{"loc":{"start":{"line":236,"column":4},"end":{"line":238,"column":5}},"type":"if","locations":[{"start":{"line":236,"column":4},"end":{"line":238,"column":5}},{"start":{"line":236,"column":4},"end":{"line":238,"column":5}}],"line":236},"12":{"loc":{"start":{"line":278,"column":4},"end":{"line":280,"column":5}},"type":"if","locations":[{"start":{"line":278,"column":4},"end":{"line":280,"column":5}},{"start":{"line":278,"column":4},"end":{"line":280,"column":5}}],"line":278}},"s":{"0":3,"1":3,"2":3,"3":3,"4":3,"5":3,"6":3,"7":3,"8":3,"9":3,"10":0,"11":0,"12":0,"13":0,"14":0,"15":0,"16":0,"17":0,"18":0,"19":0,"20":0,"21":0,"22":3,"23":0,"24":0,"25":0,"26":0,"27":0,"28":0,"29":0,"30":0,"31":0,"32":0,"33":0,"34":0,"35":0,"36":0,"37":0,"38":0,"39":0,"40":0,"41":0,"42":0,"43":0,"44":0,"45":3,"46":0,"47":0,"48":0,"49":0,"50":0,"51":0,"52":0,"53":3,"54":0,"55":0,"56":3,"57":0,"58":0,"59":0,"60":0,"61":0,"62":0,"63":3,"64":0,"65":0,"66":3,"67":0,"68":0,"69":0,"70":0,"71":0,"72":0,"73":3},"f":{"0":0,"1":0,"2":0,"3":0,"4":0,"5":0,"6":0},"b":{"0":[0,0],"1":[0,0],"2":[0,0],"3":[0,0],"4":[0,0],"5":[0,0],"6":[0,0],"7":[0,0],"8":[0,0],"9":[0,0],"10":[0,0],"11":[0,0],"12":[0,0]},"_coverageSchema":"1a1c01bbd47fc00a2c39e90264f33305004495a9","hash":"5c84affff2179918310d7419504d8f7cc49175c7"}
,"/home/aditya/Projects/whatsthat/backend/routes/organizations.js": {"path":"/home/aditya/Projects/whatsthat/backend/routes/organizations.js","statementMap":{"0":{"start":{"line":11,"column":16},"end":{"line":11,"column":34}},"1":{"start":{"line":12,"column":15},"end":{"line":12,"column":32}},"2":{"start":{"line":15,"column":13},"end":{"line":15,"column":42}},"3":{"start":{"line":19,"column":4},"end":{"line":19,"column":37}},"4":{"start":{"line":21,"column":15},"end":{"line":21,"column":31}},"5":{"start":{"line":33,"column":0},"end":{"line":38,"column":3}},"6":{"start":{"line":34,"column":25},"end":{"line":36,"column":6}},"7":{"start":{"line":37,"column":4},"end":{"line":37,"column":39}},"8":{"start":{"line":53,"column":0},"end":{"line":86,"column":3}},"9":{"start":{"line":55,"column":22},"end":{"line":55,"column":52}},"10":{"start":{"line":56,"column":4},"end":{"line":58,"column":5}},"11":{"start":{"line":57,"column":8},"end":{"line":57,"column":62}},"12":{"start":{"line":61,"column":23},"end":{"line":63,"column":6}},"13":{"start":{"line":64,"column":4},"end":{"line":66,"column":5}},"14":{"start":{"line":65,"column":8},"end":{"line":65,"column":72}},"15":{"start":{"line":69,"column":17},"end":{"line":69,"column":41}},"16":{"start":{"line":70,"column":27},"end":{"line":70,"column":69}},"17":{"start":{"line":73,"column":4},"end":{"line":76,"column":7}},"18":{"start":{"line":78,"column":4},"end":{"line":78,"column":30}},"19":{"start":{"line":81,"column":18},"end":{"line":81,"column":50}},"20":{"start":{"line":83,"column":4},"end":{"line":85,"column":60}},"21":{"start":{"line":102,"column":0},"end":{"line":123,"column":3}},"22":{"start":{"line":104,"column":22},"end":{"line":104,"column":52}},"23":{"start":{"line":105,"column":4},"end":{"line":107,"column":5}},"24":{"start":{"line":106,"column":8},"end":{"line":106,"column":62}},"25":{"start":{"line":111,"column":23},"end":{"line":111,"column":64}},"26":{"start":{"line":112,"column":4},"end":{"line":114,"column":5}},"27":{"start":{"line":113,"column":8},"end":{"line":113,"column":61}},"28":{"start":{"line":117,"column":4},"end":{"line":119,"column":7}},"29":{"start":{"line":120,"column":4},"end":{"line":120,"column":30}},"30":{"start":{"line":122,"column":4},"end":{"line":122,"column":44}},"31":{"start":{"line":139,"column":0},"end":{"line":164,"column":3}},"32":{"start":{"line":141,"column":22},"end":{"line":141,"column":52}},"33":{"start":{"line":142,"column":4},"end":{"line":144,"column":5}},"34":{"start":{"line":143,"column":8},"end":{"line":143,"column":62}},"35":{"start":{"line":148,"column":23},"end":{"line":148,"column":64}},"36":{"start":{"line":149,"column":4},"end":{"line":151,"column":5}},"37":{"start":{"line":150,"column":8},"end":{"line":150,"column":61}},"38":{"start":{"line":154,"column":17},"end":{"line":154,"column":41}},"39":{"start":{"line":155,"column":27},"end":{"line":155,"column":69}},"40":{"start":{"line":158,"column":4},"end":{"line":160,"column":7}},"41":{"start":{"line":161,"column":4},"end":{"line":161,"column":30}},"42":{"start":{"line":163,"column":4},"end":{"line":163,"column":44}},"43":{"start":{"line":182,"column":0},"end":{"line":208,"column":3}},"44":{"start":{"line":184,"column":22},"end":{"line":184,"column":52}},"45":{"start":{"line":185,"column":4},"end":{"line":187,"column":5}},"46":{"start":{"line":186,"column":8},"end":{"line":186,"column":62}},"47":{"start":{"line":190,"column":23},"end":{"line":190,"column":64}},"48":{"start":{"line":191,"column":4},"end":{"line":193,"column":5}},"49":{"start":{"line":192,"column":8},"end":{"line":192,"column":61}},"50":{"start":{"line":196,"column":29},"end":{"line":199,"column":5}},"51":{"start":{"line":201,"column":4},"end":{"line":203,"column":5}},"52":{"start":{"line":202,"column":8},"end":{"line":202,"column":58}},"53":{"start":{"line":205,"column":4},"end":{"line":205,"column":70}},"54":{"start":{"line":207,"column":4},"end":{"line":207,"column":58}},"55":{"start":{"line":210,"column":0},"end":{"line":210,"column":24}}},"fnMap":{"0":{"name":"(anonymous_0)","decl":{"start":{"line":33,"column":29},"end":{"line":33,"column":30}},"loc":{"start":{"line":33,"column":49},"end":{"line":38,"column":1}},"line":33},"1":{"name":"(anonymous_1)","decl":{"start":{"line":53,"column":23},"end":{"line":53,"column":24}},"loc":{"start":{"line":53,"column":43},"end":{"line":86,"column":1}},"line":53},"2":{"name":"(anonymous_2)","decl":{"start":{"line":102,"column":27},"end":{"line":102,"column":28}},"loc":{"start":{"line":102,"column":47},"end":{"line":123,"column":1}},"line":102},"3":{"name":"(anonymous_3)","decl":{"start":{"line":139,"column":38},"end":{"line":139,"column":39}},"loc":{"start":{"line":139,"column":58},"end":{"line":164,"column":1}},"line":139},"4":{"name":"(anonymous_4)","decl":{"start":{"line":182,"column":29},"end":{"line":182,"column":30}},"loc":{"start":{"line":182,"column":49},"end":{"line":208,"column":1}},"line":182}},"branchMap":{"0":{"loc":{"start":{"line":56,"column":4},"end":{"line":58,"column":5}},"type":"if","locations":[{"start":{"line":56,"column":4},"end":{"line":58,"column":5}},{"start":{"line":56,"column":4},"end":{"line":58,"column":5}}],"line":56},"1":{"loc":{"start":{"line":64,"column":4},"end":{"line":66,"column":5}},"type":"if","locations":[{"start":{"line":64,"column":4},"end":{"line":66,"column":5}},{"start":{"line":64,"column":4},"end":{"line":66,"column":5}}],"line":64},"2":{"loc":{"start":{"line":105,"column":4},"end":{"line":107,"column":5}},"type":"if","locations":[{"start":{"line":105,"column":4},"end":{"line":107,"column":5}},{"start":{"line":105,"column":4},"end":{"line":107,"column":5}}],"line":105},"3":{"loc":{"start":{"line":112,"column":4},"end":{"line":114,"column":5}},"type":"if","locations":[{"start":{"line":112,"column":4},"end":{"line":114,"column":5}},{"start":{"line":112,"column":4},"end":{"line":114,"column":5}}],"line":112},"4":{"loc":{"start":{"line":142,"column":4},"end":{"line":144,"column":5}},"type":"if","locations":[{"start":{"line":142,"column":4},"end":{"line":144,"column":5}},{"start":{"line":142,"column":4},"end":{"line":144,"column":5}}],"line":142},"5":{"loc":{"start":{"line":149,"column":4},"end":{"line":151,"column":5}},"type":"if","locations":[{"start":{"line":149,"column":4},"end":{"line":151,"column":5}},{"start":{"line":149,"column":4},"end":{"line":151,"column":5}}],"line":149},"6":{"loc":{"start":{"line":185,"column":4},"end":{"line":187,"column":5}},"type":"if","locations":[{"start":{"line":185,"column":4},"end":{"line":187,"column":5}},{"start":{"line":185,"column":4},"end":{"line":187,"column":5}}],"line":185},"7":{"loc":{"start":{"line":191,"column":4},"end":{"line":193,"column":5}},"type":"if","locations":[{"start":{"line":191,"column":4},"end":{"line":193,"column":5}},{"start":{"line":191,"column":4},"end":{"line":193,"column":5}}],"line":191},"8":{"loc":{"start":{"line":201,"column":4},"end":{"line":203,"column":5}},"type":"if","locations":[{"start":{"line":201,"column":4},"end":{"line":203,"column":5}},{"start":{"line":201,"column":4},"end":{"line":203,"column":5}}],"line":201}},"s":{"0":3,"1":3,"2":3,"3":3,"4":3,"5":3,"6":0,"7":0,"8":3,"9":0,"10":0,"11":0,"12":0,"13":0,"14":0,"15":0,"16":0,"17":0,"18":0,"19":0,"20":0,"21":3,"22":0,"23":0,"24":0,"25":0,"26":0,"27":0,"28":0,"29":0,"30":0,"31":3,"32":0,"33":0,"34":0,"35":0,"36":0,"37":0,"38":0,"39":0,"40":0,"41":0,"42":0,"43":3,"44":0,"45":0,"46":0,"47":0,"48":0,"49":0,"50":0,"51":0,"52":0,"53":0,"54":0,"55":3},"f":{"0":0,"1":0,"2":0,"3":0,"4":0},"b":{"0":[0,0],"1":[0,0],"2":[0,0],"3":[0,0],"4":[0,0],"5":[0,0],"6":[0,0],"7":[0,0],"8":[0,0]},"_coverageSchema":"1a1c01bbd47fc00a2c39e90264f33305004495a9","hash":"e16ece43f7ac209eaaa47b93f6524f278d0651fb"}
,"/home/aditya/Projects/whatsthat/backend/routes/shorts.js": {"path":"/home/aditya/Projects/whatsthat/backend/routes/shorts.js","statementMap":{"0":{"start":{"line":11,"column":16},"end":{"line":11,"column":34}},"1":{"start":{"line":12,"column":17},"end":{"line":12,"column":36}},"2":{"start":{"line":15,"column":13},"end":{"line":15,"column":42}},"3":{"start":{"line":20,"column":4},"end":{"line":20,"column":31}},"4":{"start":{"line":21,"column":25},"end":{"line":21,"column":58}},"5":{"start":{"line":23,"column":15},"end":{"line":23,"column":31}},"6":{"start":{"line":29,"column":0},"end":{"line":33,"column":3}},"7":{"start":{"line":31,"column":17},"end":{"line":31,"column":56}},"8":{"start":{"line":32,"column":4},"end":{"line":32,"column":33}},"9":{"start":{"line":47,"column":0},"end":{"line":78,"column":3}},"10":{"start":{"line":49,"column":22},"end":{"line":49,"column":45}},"11":{"start":{"line":50,"column":4},"end":{"line":52,"column":5}},"12":{"start":{"line":51,"column":8},"end":{"line":51,"column":62}},"13":{"start":{"line":56,"column":23},"end":{"line":56,"column":64}},"14":{"start":{"line":57,"column":4},"end":{"line":59,"column":5}},"15":{"start":{"line":58,"column":8},"end":{"line":58,"column":61}},"16":{"start":{"line":62,"column":16},"end":{"line":65,"column":6}},"17":{"start":{"line":66,"column":4},"end":{"line":68,"column":5}},"18":{"start":{"line":67,"column":8},"end":{"line":67,"column":61}},"19":{"start":{"line":70,"column":4},"end":{"line":74,"column":7}},"20":{"start":{"line":75,"column":4},"end":{"line":75,"column":23}},"21":{"start":{"line":77,"column":4},"end":{"line":77,"column":55}},"22":{"start":{"line":90,"column":0},"end":{"line":110,"column":3}},"23":{"start":{"line":92,"column":22},"end":{"line":92,"column":51}},"24":{"start":{"line":93,"column":4},"end":{"line":95,"column":5}},"25":{"start":{"line":94,"column":8},"end":{"line":94,"column":62}},"26":{"start":{"line":98,"column":16},"end":{"line":98,"column":55}},"27":{"start":{"line":99,"column":4},"end":{"line":101,"column":5}},"28":{"start":{"line":100,"column":8},"end":{"line":100,"column":61}},"29":{"start":{"line":103,"column":4},"end":{"line":106,"column":7}},"30":{"start":{"line":107,"column":4},"end":{"line":107,"column":23}},"31":{"start":{"line":109,"column":4},"end":{"line":109,"column":55}},"32":{"start":{"line":126,"column":0},"end":{"line":134,"column":3}},"33":{"start":{"line":128,"column":4},"end":{"line":130,"column":5}},"34":{"start":{"line":129,"column":8},"end":{"line":129,"column":54}},"35":{"start":{"line":132,"column":16},"end":{"line":132,"column":64}},"36":{"start":{"line":133,"column":4},"end":{"line":133,"column":56}},"37":{"start":{"line":135,"column":0},"end":{"line":135,"column":43}},"38":{"start":{"line":141,"column":0},"end":{"line":149,"column":3}},"39":{"start":{"line":143,"column":4},"end":{"line":145,"column":5}},"40":{"start":{"line":144,"column":8},"end":{"line":144,"column":56}},"41":{"start":{"line":147,"column":17},"end":{"line":147,"column":52}},"42":{"start":{"line":148,"column":4},"end":{"line":148,"column":33}},"43":{"start":{"line":151,"column":0},"end":{"line":151,"column":24}}},"fnMap":{"0":{"name":"(anonymous_0)","decl":{"start":{"line":29,"column":25},"end":{"line":29,"column":26}},"loc":{"start":{"line":29,"column":45},"end":{"line":33,"column":1}},"line":29},"1":{"name":"(anonymous_1)","decl":{"start":{"line":47,"column":29},"end":{"line":47,"column":30}},"loc":{"start":{"line":47,"column":49},"end":{"line":78,"column":1}},"line":47},"2":{"name":"(anonymous_2)","decl":{"start":{"line":90,"column":27},"end":{"line":90,"column":28}},"loc":{"start":{"line":90,"column":47},"end":{"line":110,"column":1}},"line":90},"3":{"name":"(anonymous_3)","decl":{"start":{"line":126,"column":29},"end":{"line":126,"column":30}},"loc":{"start":{"line":126,"column":49},"end":{"line":134,"column":1}},"line":126},"4":{"name":"(anonymous_4)","decl":{"start":{"line":135,"column":19},"end":{"line":135,"column":20}},"loc":{"start":{"line":135,"column":39},"end":{"line":135,"column":41}},"line":135},"5":{"name":"(anonymous_5)","decl":{"start":{"line":141,"column":25},"end":{"line":141,"column":26}},"loc":{"start":{"line":141,"column":45},"end":{"line":149,"column":1}},"line":141}},"branchMap":{"0":{"loc":{"start":{"line":50,"column":4},"end":{"line":52,"column":5}},"type":"if","locations":[{"start":{"line":50,"column":4},"end":{"line":52,"column":5}},{"start":{"line":50,"column":4},"end":{"line":52,"column":5}}],"line":50},"1":{"loc":{"start":{"line":57,"column":4},"end":{"line":59,"column":5}},"type":"if","locations":[{"start":{"line":57,"column":4},"end":{"line":59,"column":5}},{"start":{"line":57,"column":4},"end":{"line":59,"column":5}}],"line":57},"2":{"loc":{"start":{"line":66,"column":4},"end":{"line":68,"column":5}},"type":"if","locations":[{"start":{"line":66,"column":4},"end":{"line":68,"column":5}},{"start":{"line":66,"column":4},"end":{"line":68,"column":5}}],"line":66},"3":{"loc":{"start":{"line":93,"column":4},"end":{"line":95,"column":5}},"type":"if","locations":[{"start":{"line":93,"column":4},"end":{"line":95,"column":5}},{"start":{"line":93,"column":4},"end":{"line":95,"column":5}}],"line":93},"4":{"loc":{"start":{"line":99,"column":4},"end":{"line":101,"column":5}},"type":"if","locations":[{"start":{"line":99,"column":4},"end":{"line":101,"column":5}},{"start":{"line":99,"column":4},"end":{"line":101,"column":5}}],"line":99},"5":{"loc":{"start":{"line":128,"column":4},"end":{"line":130,"column":5}},"type":"if","locations":[{"start":{"line":128,"column":4},"end":{"line":130,"column":5}},{"start":{"line":128,"column":4},"end":{"line":130,"column":5}}],"line":128},"6":{"loc":{"start":{"line":143,"column":4},"end":{"line":145,"column":5}},"type":"if","locations":[{"start":{"line":143,"column":4},"end":{"line":145,"column":5}},{"start":{"line":143,"column":4},"end":{"line":145,"column":5}}],"line":143}},"s":{"0":3,"1":3,"2":3,"3":3,"4":3,"5":3,"6":3,"7":1,"8":1,"9":3,"10":0,"11":0,"12":0,"13":0,"14":0,"15":0,"16":0,"17":0,"18":0,"19":0,"20":0,"21":0,"22":3,"23":0,"24":0,"25":0,"26":0,"27":0,"28":0,"29":0,"30":0,"31":0,"32":3,"33":0,"34":0,"35":0,"36":0,"37":3,"38":3,"39":0,"40":0,"41":0,"42":0,"43":3},"f":{"0":1,"1":0,"2":0,"3":0,"4":0,"5":0},"b":{"0":[0,0],"1":[0,0],"2":[0,0],"3":[0,0],"4":[0,0],"5":[0,0],"6":[0,0]},"_coverageSchema":"1a1c01bbd47fc00a2c39e90264f33305004495a9","hash":"f7ecdf13efe74b33722670d4c39008fe2767d900"}
,"/home/aditya/Projects/whatsthat/backend/routes/users.js": {"path":"/home/aditya/Projects/whatsthat/backend/routes/users.js","statementMap":{"0":{"start":{"line":11,"column":16},"end":{"line":11,"column":34}},"1":{"start":{"line":12,"column":15},"end":{"line":12,"column":32}},"2":{"start":{"line":15,"column":13},"end":{"line":15,"column":42}},"3":{"start":{"line":16,"column":31},"end":{"line":16,"column":56}},"4":{"start":{"line":18,"column":15},"end":{"line":18,"column":31}},"5":{"start":{"line":30,"column":0},"end":{"line":33,"column":3}},"6":{"start":{"line":31,"column":17},"end":{"line":31,"column":74}},"7":{"start":{"line":32,"column":4},"end":{"line":32,"column":19}},"8":{"start":{"line":48,"column":0},"end":{"line":75,"column":3}},"9":{"start":{"line":50,"column":22},"end":{"line":50,"column":44}},"10":{"start":{"line":51,"column":4},"end":{"line":53,"column":5}},"11":{"start":{"line":52,"column":8},"end":{"line":52,"column":62}},"12":{"start":{"line":56,"column":15},"end":{"line":56,"column":66}},"13":{"start":{"line":57,"column":4},"end":{"line":59,"column":5}},"14":{"start":{"line":58,"column":8},"end":{"line":58,"column":64}},"15":{"start":{"line":62,"column":17},"end":{"line":62,"column":41}},"16":{"start":{"line":63,"column":27},"end":{"line":63,"column":69}},"17":{"start":{"line":66,"column":4},"end":{"line":69,"column":7}},"18":{"start":{"line":70,"column":4},"end":{"line":70,"column":22}},"19":{"start":{"line":72,"column":18},"end":{"line":72,"column":42}},"20":{"start":{"line":74,"column":4},"end":{"line":74,"column":70}},"21":{"start":{"line":91,"column":0},"end":{"line":112,"column":3}},"22":{"start":{"line":93,"column":22},"end":{"line":93,"column":44}},"23":{"start":{"line":94,"column":4},"end":{"line":96,"column":5}},"24":{"start":{"line":95,"column":8},"end":{"line":95,"column":62}},"25":{"start":{"line":100,"column":15},"end":{"line":100,"column":48}},"26":{"start":{"line":101,"column":4},"end":{"line":103,"column":5}},"27":{"start":{"line":102,"column":8},"end":{"line":102,"column":53}},"28":{"start":{"line":106,"column":4},"end":{"line":108,"column":7}},"29":{"start":{"line":109,"column":4},"end":{"line":109,"column":22}},"30":{"start":{"line":111,"column":4},"end":{"line":111,"column":40}},"31":{"start":{"line":128,"column":0},"end":{"line":153,"column":3}},"32":{"start":{"line":130,"column":22},"end":{"line":130,"column":44}},"33":{"start":{"line":131,"column":4},"end":{"line":133,"column":5}},"34":{"start":{"line":132,"column":8},"end":{"line":132,"column":62}},"35":{"start":{"line":137,"column":15},"end":{"line":137,"column":48}},"36":{"start":{"line":138,"column":4},"end":{"line":140,"column":5}},"37":{"start":{"line":139,"column":8},"end":{"line":139,"column":53}},"38":{"start":{"line":143,"column":17},"end":{"line":143,"column":41}},"39":{"start":{"line":144,"column":27},"end":{"line":144,"column":69}},"40":{"start":{"line":147,"column":4},"end":{"line":149,"column":7}},"41":{"start":{"line":150,"column":4},"end":{"line":150,"column":22}},"42":{"start":{"line":152,"column":4},"end":{"line":152,"column":40}},"43":{"start":{"line":171,"column":0},"end":{"line":198,"column":3}},"44":{"start":{"line":173,"column":22},"end":{"line":173,"column":44}},"45":{"start":{"line":174,"column":4},"end":{"line":176,"column":5}},"46":{"start":{"line":175,"column":8},"end":{"line":175,"column":62}},"47":{"start":{"line":180,"column":15},"end":{"line":180,"column":48}},"48":{"start":{"line":181,"column":4},"end":{"line":183,"column":5}},"49":{"start":{"line":182,"column":8},"end":{"line":182,"column":53}},"50":{"start":{"line":186,"column":29},"end":{"line":189,"column":5}},"51":{"start":{"line":191,"column":4},"end":{"line":193,"column":5}},"52":{"start":{"line":192,"column":8},"end":{"line":192,"column":58}},"53":{"start":{"line":195,"column":4},"end":{"line":195,"column":54}},"54":{"start":{"line":197,"column":4},"end":{"line":197,"column":67}},"55":{"start":{"line":200,"column":0},"end":{"line":200,"column":24}}},"fnMap":{"0":{"name":"(anonymous_0)","decl":{"start":{"line":30,"column":29},"end":{"line":30,"column":30}},"loc":{"start":{"line":30,"column":49},"end":{"line":33,"column":1}},"line":30},"1":{"name":"(anonymous_1)","decl":{"start":{"line":48,"column":23},"end":{"line":48,"column":24}},"loc":{"start":{"line":48,"column":43},"end":{"line":75,"column":1}},"line":48},"2":{"name":"(anonymous_2)","decl":{"start":{"line":91,"column":27},"end":{"line":91,"column":28}},"loc":{"start":{"line":91,"column":47},"end":{"line":112,"column":1}},"line":91},"3":{"name":"(anonymous_3)","decl":{"start":{"line":128,"column":38},"end":{"line":128,"column":39}},"loc":{"start":{"line":128,"column":58},"end":{"line":153,"column":1}},"line":128},"4":{"name":"(anonymous_4)","decl":{"start":{"line":171,"column":29},"end":{"line":171,"column":30}},"loc":{"start":{"line":171,"column":49},"end":{"line":198,"column":1}},"line":171}},"branchMap":{"0":{"loc":{"start":{"line":51,"column":4},"end":{"line":53,"column":5}},"type":"if","locations":[{"start":{"line":51,"column":4},"end":{"line":53,"column":5}},{"start":{"line":51,"column":4},"end":{"line":53,"column":5}}],"line":51},"1":{"loc":{"start":{"line":57,"column":4},"end":{"line":59,"column":5}},"type":"if","locations":[{"start":{"line":57,"column":4},"end":{"line":59,"column":5}},{"start":{"line":57,"column":4},"end":{"line":59,"column":5}}],"line":57},"2":{"loc":{"start":{"line":94,"column":4},"end":{"line":96,"column":5}},"type":"if","locations":[{"start":{"line":94,"column":4},"end":{"line":96,"column":5}},{"start":{"line":94,"column":4},"end":{"line":96,"column":5}}],"line":94},"3":{"loc":{"start":{"line":101,"column":4},"end":{"line":103,"column":5}},"type":"if","locations":[{"start":{"line":101,"column":4},"end":{"line":103,"column":5}},{"start":{"line":101,"column":4},"end":{"line":103,"column":5}}],"line":101},"4":{"loc":{"start":{"line":131,"column":4},"end":{"line":133,"column":5}},"type":"if","locations":[{"start":{"line":131,"column":4},"end":{"line":133,"column":5}},{"start":{"line":131,"column":4},"end":{"line":133,"column":5}}],"line":131},"5":{"loc":{"start":{"line":138,"column":4},"end":{"line":140,"column":5}},"type":"if","locations":[{"start":{"line":138,"column":4},"end":{"line":140,"column":5}},{"start":{"line":138,"column":4},"end":{"line":140,"column":5}}],"line":138},"6":{"loc":{"start":{"line":174,"column":4},"end":{"line":176,"column":5}},"type":"if","locations":[{"start":{"line":174,"column":4},"end":{"line":176,"column":5}},{"start":{"line":174,"column":4},"end":{"line":176,"column":5}}],"line":174},"7":{"loc":{"start":{"line":181,"column":4},"end":{"line":183,"column":5}},"type":"if","locations":[{"start":{"line":181,"column":4},"end":{"line":183,"column":5}},{"start":{"line":181,"column":4},"end":{"line":183,"column":5}}],"line":181},"8":{"loc":{"start":{"line":191,"column":4},"end":{"line":193,"column":5}},"type":"if","locations":[{"start":{"line":191,"column":4},"end":{"line":193,"column":5}},{"start":{"line":191,"column":4},"end":{"line":193,"column":5}}],"line":191}},"s":{"0":3,"1":3,"2":3,"3":3,"4":3,"5":3,"6":1,"7":1,"8":3,"9":3,"10":3,"11":1,"12":2,"13":2,"14":1,"15":1,"16":1,"17":1,"18":1,"19":1,"20":1,"21":3,"22":3,"23":3,"24":1,"25":2,"26":2,"27":1,"28":1,"29":1,"30":1,"31":3,"32":3,"33":3,"34":1,"35":2,"36":2,"37":1,"38":1,"39":1,"40":1,"41":1,"42":1,"43":3,"44":3,"45":3,"46":1,"47":2,"48":2,"49":1,"50":1,"51":1,"52":0,"53":1,"54":1,"55":3},"f":{"0":1,"1":3,"2":3,"3":3,"4":3},"b":{"0":[1,2],"1":[1,1],"2":[1,2],"3":[1,1],"4":[1,2],"5":[1,1],"6":[1,2],"7":[1,1],"8":[0,1]},"_coverageSchema":"1a1c01bbd47fc00a2c39e90264f33305004495a9","hash":"4a6bd42072b6a1be21e34774cced45895bb1a3db"}
,"/home/aditya/Projects/whatsthat/backend/startup/config.js": {"path":"/home/aditya/Projects/whatsthat/backend/startup/config.js","statementMap":{"0":{"start":{"line":1,"column":15},"end":{"line":1,"column":32}},"1":{"start":{"line":3,"column":0},"end":{"line":10,"column":2}},"2":{"start":{"line":4,"column":4},"end":{"line":9,"column":5}},"3":{"start":{"line":5,"column":8},"end":{"line":5,"column":70}}},"fnMap":{"0":{"name":"(anonymous_0)","decl":{"start":{"line":3,"column":17},"end":{"line":3,"column":18}},"loc":{"start":{"line":3,"column":29},"end":{"line":10,"column":1}},"line":3}},"branchMap":{"0":{"loc":{"start":{"line":4,"column":4},"end":{"line":9,"column":5}},"type":"if","locations":[{"start":{"line":4,"column":4},"end":{"line":9,"column":5}},{"start":{"line":4,"column":4},"end":{"line":9,"column":5}}],"line":4}},"s":{"0":3,"1":3,"2":3,"3":0},"f":{"0":3},"b":{"0":[0,3]},"_coverageSchema":"1a1c01bbd47fc00a2c39e90264f33305004495a9","hash":"be47d15c93ebeaec49c7591c1e5c0307b080065a"}
,"/home/aditya/Projects/whatsthat/backend/startup/db.js": {"path":"/home/aditya/Projects/whatsthat/backend/startup/db.js","statementMap":{"0":{"start":{"line":1,"column":16},"end":{"line":1,"column":34}},"1":{"start":{"line":2,"column":17},"end":{"line":2,"column":36}},"2":{"start":{"line":3,"column":15},"end":{"line":3,"column":32}},"3":{"start":{"line":5,"column":0},"end":{"line":21,"column":2}},"4":{"start":{"line":12,"column":15},"end":{"line":12,"column":31}},"5":{"start":{"line":13,"column":4},"end":{"line":20,"column":11}},"6":{"start":{"line":19,"column":12},"end":{"line":19,"column":58}}},"fnMap":{"0":{"name":"(anonymous_0)","decl":{"start":{"line":5,"column":17},"end":{"line":5,"column":18}},"loc":{"start":{"line":5,"column":29},"end":{"line":21,"column":1}},"line":5},"1":{"name":"(anonymous_1)","decl":{"start":{"line":18,"column":14},"end":{"line":18,"column":15}},"loc":{"start":{"line":18,"column":20},"end":{"line":20,"column":9}},"line":18}},"branchMap":{"0":{"loc":{"start":{"line":14,"column":17},"end":{"line":14,"column":46}},"type":"binary-expr","locations":[{"start":{"line":14,"column":17},"end":{"line":14,"column":40}},{"start":{"line":14,"column":44},"end":{"line":14,"column":46}}],"line":14}},"s":{"0":3,"1":3,"2":3,"3":3,"4":3,"5":3,"6":2},"f":{"0":3,"1":2},"b":{"0":[3,3]},"_coverageSchema":"1a1c01bbd47fc00a2c39e90264f33305004495a9","hash":"8e0b8d460b7dd7c7eeee95d26bd01a5b84f258bd"}
,"/home/aditya/Projects/whatsthat/backend/startup/logs.js": {"path":"/home/aditya/Projects/whatsthat/backend/startup/logs.js","statementMap":{"0":{"start":{"line":1,"column":0},"end":{"line":1,"column":32}},"1":{"start":{"line":2,"column":16},"end":{"line":2,"column":34}},"2":{"start":{"line":5,"column":0},"end":{"line":29,"column":2}},"3":{"start":{"line":16,"column":4},"end":{"line":21,"column":6}},"4":{"start":{"line":23,"column":4},"end":{"line":25,"column":7}},"5":{"start":{"line":24,"column":8},"end":{"line":24,"column":17}},"6":{"start":{"line":27,"column":4},"end":{"line":27,"column":79}}},"fnMap":{"0":{"name":"(anonymous_0)","decl":{"start":{"line":5,"column":17},"end":{"line":5,"column":18}},"loc":{"start":{"line":5,"column":29},"end":{"line":29,"column":1}},"line":5},"1":{"name":"(anonymous_1)","decl":{"start":{"line":23,"column":37},"end":{"line":23,"column":38}},"loc":{"start":{"line":23,"column":45},"end":{"line":25,"column":5}},"line":23}},"branchMap":{},"s":{"0":3,"1":3,"2":3,"3":3,"4":3,"5":0,"6":3},"f":{"0":3,"1":0},"b":{},"_coverageSchema":"1a1c01bbd47fc00a2c39e90264f33305004495a9","hash":"92f985c620852bcb5b0315c78fddd1eb2db0482d"}
,"/home/aditya/Projects/whatsthat/backend/startup/routes.js": {"path":"/home/aditya/Projects/whatsthat/backend/startup/routes.js","statementMap":{"0":{"start":{"line":2,"column":16},"end":{"line":2,"column":34}},"1":{"start":{"line":5,"column":13},"end":{"line":5,"column":48}},"2":{"start":{"line":6,"column":14},"end":{"line":6,"column":40}},"3":{"start":{"line":7,"column":21},"end":{"line":7,"column":55}},"4":{"start":{"line":8,"column":20},"end":{"line":8,"column":52}},"5":{"start":{"line":9,"column":15},"end":{"line":9,"column":42}},"6":{"start":{"line":10,"column":15},"end":{"line":10,"column":41}},"7":{"start":{"line":13,"column":14},"end":{"line":13,"column":44}},"8":{"start":{"line":15,"column":0},"end":{"line":38,"column":2}},"9":{"start":{"line":17,"column":4},"end":{"line":17,"column":28}},"10":{"start":{"line":20,"column":4},"end":{"line":20,"column":31}},"11":{"start":{"line":23,"column":4},"end":{"line":23,"column":33}},"12":{"start":{"line":26,"column":4},"end":{"line":26,"column":48}},"13":{"start":{"line":29,"column":4},"end":{"line":29,"column":45}},"14":{"start":{"line":32,"column":4},"end":{"line":32,"column":35}},"15":{"start":{"line":35,"column":4},"end":{"line":35,"column":35}},"16":{"start":{"line":37,"column":4},"end":{"line":37,"column":19}}},"fnMap":{"0":{"name":"(anonymous_0)","decl":{"start":{"line":15,"column":17},"end":{"line":15,"column":18}},"loc":{"start":{"line":15,"column":32},"end":{"line":38,"column":1}},"line":15}},"branchMap":{},"s":{"0":3,"1":3,"2":3,"3":3,"4":3,"5":3,"6":3,"7":3,"8":3,"9":3,"10":3,"11":3,"12":3,"13":3,"14":3,"15":3,"16":3},"f":{"0":3},"b":{},"_coverageSchema":"1a1c01bbd47fc00a2c39e90264f33305004495a9","hash":"5aaa533a68fca7f59197cd55a4808d57f0f68b85"}
,"/home/aditya/Projects/whatsthat/backend/startup/validate.js": {"path":"/home/aditya/Projects/whatsthat/backend/startup/validate.js","statementMap":{"0":{"start":{"line":1,"column":12},"end":{"line":1,"column":26}},"1":{"start":{"line":3,"column":0},"end":{"line":5,"column":2}},"2":{"start":{"line":4,"column":4},"end":{"line":4,"column":48}}},"fnMap":{"0":{"name":"(anonymous_0)","decl":{"start":{"line":3,"column":17},"end":{"line":3,"column":18}},"loc":{"start":{"line":3,"column":29},"end":{"line":5,"column":1}},"line":3}},"branchMap":{},"s":{"0":3,"1":3,"2":3},"f":{"0":3},"b":{},"_coverageSchema":"1a1c01bbd47fc00a2c39e90264f33305004495a9","hash":"cf7f7a290172585784745dfe710c9828074f5edf"}
}
