TN:
SF:index.js
FN:26,(anonymous_0)
FNF:1
FNH:1
FNDA:2,(anonymous_0)
DA:2,3
DA:3,3
DA:7,3
DA:10,3
DA:13,3
DA:16,3
DA:19,3
DA:22,3
DA:25,3
DA:26,3
DA:27,2
DA:30,3
LF:12
LH:12
BRDA:25,0,0,3
BRDA:25,0,1,3
BRF:2
BRH:2
end_of_record
TN:
SF:middleware/auth.js
FN:4,auth
FNF:1
FNH:1
FNDA:14,auth
DA:1,4
DA:2,4
DA:5,14
DA:8,14
DA:10,1
DA:13,13
DA:14,13
DA:15,12
DA:16,12
DA:19,1
DA:23,4
LF:11
LH:11
BRDA:8,0,0,1
BRDA:8,0,1,13
BRF:2
BRH:2
end_of_record
TN:
SF:middleware/error.js
FN:1,(anonymous_0)
FNF:1
FNH:0
FNDA:0,(anonymous_0)
DA:1,3
DA:2,0
LF:2
LH:1
BRF:0
BRH:0
end_of_record
TN:
SF:models/invitation.js
FN:63,(anonymous_0)
FN:71,(anonymous_1)
FNF:2
FNH:0
FNDA:0,(anonymous_0)
FNDA:0,(anonymous_1)
DA:15,3
DA:16,3
DA:18,3
DA:28,3
DA:38,3
DA:61,3
DA:63,3
DA:64,0
DA:68,0
DA:71,3
DA:72,0
DA:77,0
DA:80,3
DA:81,3
DA:82,3
LF:15
LH:11
BRF:0
BRH:0
end_of_record
TN:
SF:models/organization.js
FN:31,(anonymous_0)
FN:38,(anonymous_1)
FNF:2
FNH:1
FNDA:3,(anonymous_0)
FNDA:0,(anonymous_1)
DA:14,3
DA:15,3
DA:16,3
DA:17,3
DA:19,3
DA:31,3
DA:32,3
DA:33,3
DA:36,3
DA:38,3
DA:39,0
DA:44,0
DA:47,3
DA:48,3
LF:14
LH:12
BRF:0
BRH:0
end_of_record
TN:
SF:models/shorts.js
FN:37,(anonymous_0)
FN:46,(anonymous_1)
FNF:2
FNH:0
FNDA:0,(anonymous_0)
FNDA:0,(anonymous_1)
DA:14,3
DA:15,3
DA:17,3
DA:35,3
DA:37,3
DA:38,0
DA:43,0
DA:46,3
DA:47,0
DA:53,0
DA:56,3
DA:57,3
DA:58,3
LF:13
LH:9
BRF:0
BRH:0
end_of_record
TN:
SF:models/user.js
FN:30,(anonymous_0)
FN:37,(anonymous_1)
FNF:2
FNH:2
FNDA:12,(anonymous_0)
FNDA:12,(anonymous_1)
DA:13,4
DA:14,4
DA:15,4
DA:16,4
DA:18,4
DA:30,4
DA:31,12
DA:32,12
DA:35,4
DA:37,4
DA:38,12
DA:43,12
DA:46,4
DA:47,4
LF:14
LH:14
BRF:0
BRH:0
end_of_record
TN:
SF:routes/authentication.js
FN:18,(anonymous_0)
FN:27,(anonymous_1)
FN:47,(anonymous_2)
FN:87,(anonymous_3)
FNF:4
FNH:0
FNDA:0,(anonymous_0)
FNDA:0,(anonymous_1)
FNDA:0,(anonymous_2)
FNDA:0,(anonymous_3)
DA:8,3
DA:9,3
DA:10,3
DA:13,3
DA:14,3
DA:16,3
DA:18,3
DA:19,0
DA:24,0
DA:27,3
DA:28,0
DA:33,0
DA:47,3
DA:49,0
DA:50,0
DA:51,0
DA:55,0
DA:56,0
DA:57,0
DA:61,0
DA:66,0
DA:67,0
DA:71,0
DA:73,0
DA:87,3
DA:89,0
DA:90,0
DA:91,0
DA:95,0
DA:96,0
DA:97,0
DA:101,0
DA:106,0
DA:107,0
DA:111,0
DA:113,0
DA:116,3
LF:37
LH:11
BRDA:50,0,0,0
BRDA:50,0,1,0
BRDA:56,1,0,0
BRDA:56,1,1,0
BRDA:66,2,0,0
BRDA:66,2,1,0
BRDA:90,3,0,0
BRDA:90,3,1,0
BRDA:96,4,0,0
BRDA:96,4,1,0
BRDA:106,5,0,0
BRDA:106,5,1,0
BRF:12
BRH:0
end_of_record
TN:
SF:routes/invitations.js
FN:43,(anonymous_0)
FN:96,(anonymous_1)
FN:194,(anonymous_2)
FN:217,(anonymous_3)
FN:232,(anonymous_4)
FN:257,(anonymous_5)
FN:274,(anonymous_6)
FNF:7
FNH:0
FNDA:0,(anonymous_0)
FNDA:0,(anonymous_1)
FNDA:0,(anonymous_2)
FNDA:0,(anonymous_3)
FNDA:0,(anonymous_4)
FNDA:0,(anonymous_5)
FNDA:0,(anonymous_6)
DA:13,3
DA:14,3
DA:15,3
DA:18,3
DA:23,3
DA:24,3
DA:25,3
DA:27,3
DA:28,3
DA:43,3
DA:45,0
DA:46,0
DA:47,0
DA:52,0
DA:53,0
DA:54,0
DA:58,0
DA:59,0
DA:60,0
DA:64,0
DA:75,0
DA:77,0
DA:96,3
DA:98,0
DA:99,0
DA:100,0
DA:103,0
DA:109,0
DA:110,0
DA:111,0
DA:115,0
DA:118,0
DA:121,0
DA:123,0
DA:124,0
DA:128,0
DA:131,0
DA:132,0
DA:136,0
DA:137,0
DA:138,0
DA:143,0
DA:144,0
DA:176,0
DA:179,0
DA:194,3
DA:196,0
DA:197,0
DA:198,0
DA:201,0
DA:202,0
DA:203,0
DA:206,0
DA:217,3
DA:220,0
DA:221,0
DA:232,3
DA:234,0
DA:235,0
DA:236,0
DA:237,0
DA:242,0
DA:246,0
DA:257,3
DA:260,0
DA:263,0
DA:274,3
DA:276,0
DA:277,0
DA:278,0
DA:279,0
DA:284,0
DA:288,0
DA:291,3
LF:74
LH:17
BRDA:46,0,0,0
BRDA:46,0,1,0
BRDA:53,1,0,0
BRDA:53,1,1,0
BRDA:59,2,0,0
BRDA:59,2,1,0
BRDA:99,3,0,0
BRDA:99,3,1,0
BRDA:110,4,0,0
BRDA:110,4,1,0
BRDA:115,5,0,0
BRDA:115,5,1,0
BRDA:124,6,0,0
BRDA:124,6,1,0
BRDA:131,7,0,0
BRDA:131,7,1,0
BRDA:137,8,0,0
BRDA:137,8,1,0
BRDA:197,9,0,0
BRDA:197,9,1,0
BRDA:202,10,0,0
BRDA:202,10,1,0
BRDA:236,11,0,0
BRDA:236,11,1,0
BRDA:278,12,0,0
BRDA:278,12,1,0
BRF:26
BRH:0
end_of_record
TN:
SF:routes/organizations.js
FN:33,(anonymous_0)
FN:53,(anonymous_1)
FN:102,(anonymous_2)
FN:139,(anonymous_3)
FN:182,(anonymous_4)
FNF:5
FNH:0
FNDA:0,(anonymous_0)
FNDA:0,(anonymous_1)
FNDA:0,(anonymous_2)
FNDA:0,(anonymous_3)
FNDA:0,(anonymous_4)
DA:11,3
DA:12,3
DA:15,3
DA:19,3
DA:21,3
DA:33,3
DA:34,0
DA:37,0
DA:53,3
DA:55,0
DA:56,0
DA:57,0
DA:61,0
DA:64,0
DA:65,0
DA:69,0
DA:70,0
DA:73,0
DA:78,0
DA:81,0
DA:83,0
DA:102,3
DA:104,0
DA:105,0
DA:106,0
DA:111,0
DA:112,0
DA:113,0
DA:117,0
DA:120,0
DA:122,0
DA:139,3
DA:141,0
DA:142,0
DA:143,0
DA:148,0
DA:149,0
DA:150,0
DA:154,0
DA:155,0
DA:158,0
DA:161,0
DA:163,0
DA:182,3
DA:184,0
DA:185,0
DA:186,0
DA:190,0
DA:191,0
DA:192,0
DA:196,0
DA:201,0
DA:202,0
DA:205,0
DA:207,0
DA:210,3
LF:56
LH:11
BRDA:56,0,0,0
BRDA:56,0,1,0
BRDA:64,1,0,0
BRDA:64,1,1,0
BRDA:105,2,0,0
BRDA:105,2,1,0
BRDA:112,3,0,0
BRDA:112,3,1,0
BRDA:142,4,0,0
BRDA:142,4,1,0
BRDA:149,5,0,0
BRDA:149,5,1,0
BRDA:185,6,0,0
BRDA:185,6,1,0
BRDA:191,7,0,0
BRDA:191,7,1,0
BRDA:201,8,0,0
BRDA:201,8,1,0
BRF:18
BRH:0
end_of_record
TN:
SF:routes/shorts.js
FN:29,(anonymous_0)
FN:47,(anonymous_1)
FN:90,(anonymous_2)
FN:126,(anonymous_3)
FN:135,(anonymous_4)
FN:141,(anonymous_5)
FNF:6
FNH:1
FNDA:1,(anonymous_0)
FNDA:0,(anonymous_1)
FNDA:0,(anonymous_2)
FNDA:0,(anonymous_3)
FNDA:0,(anonymous_4)
FNDA:0,(anonymous_5)
DA:11,3
DA:12,3
DA:15,3
DA:20,3
DA:21,3
DA:23,3
DA:29,3
DA:31,1
DA:32,1
DA:47,3
DA:49,0
DA:50,0
DA:51,0
DA:56,0
DA:57,0
DA:58,0
DA:62,0
DA:66,0
DA:67,0
DA:70,0
DA:75,0
DA:77,0
DA:90,3
DA:92,0
DA:93,0
DA:94,0
DA:98,0
DA:99,0
DA:100,0
DA:103,0
DA:107,0
DA:109,0
DA:126,3
DA:128,0
DA:129,0
DA:132,0
DA:133,0
DA:135,3
DA:141,3
DA:143,0
DA:144,0
DA:147,0
DA:148,0
DA:151,3
LF:44
LH:15
BRDA:50,0,0,0
BRDA:50,0,1,0
BRDA:57,1,0,0
BRDA:57,1,1,0
BRDA:66,2,0,0
BRDA:66,2,1,0
BRDA:93,3,0,0
BRDA:93,3,1,0
BRDA:99,4,0,0
BRDA:99,4,1,0
BRDA:128,5,0,0
BRDA:128,5,1,0
BRDA:143,6,0,0
BRDA:143,6,1,0
BRF:14
BRH:0
end_of_record
TN:
SF:routes/users.js
FN:30,(anonymous_0)
FN:48,(anonymous_1)
FN:91,(anonymous_2)
FN:128,(anonymous_3)
FN:171,(anonymous_4)
FNF:5
FNH:5
FNDA:1,(anonymous_0)
FNDA:3,(anonymous_1)
FNDA:3,(anonymous_2)
FNDA:3,(anonymous_3)
FNDA:3,(anonymous_4)
DA:11,3
DA:12,3
DA:15,3
DA:16,3
DA:18,3
DA:30,3
DA:31,1
DA:32,1
DA:48,3
DA:50,3
DA:51,3
DA:52,1
DA:56,2
DA:57,2
DA:58,1
DA:62,1
DA:63,1
DA:66,1
DA:70,1
DA:72,1
DA:74,1
DA:91,3
DA:93,3
DA:94,3
DA:95,1
DA:100,2
DA:101,2
DA:102,1
DA:106,1
DA:109,1
DA:111,1
DA:128,3
DA:130,3
DA:131,3
DA:132,1
DA:137,2
DA:138,2
DA:139,1
DA:143,1
DA:144,1
DA:147,1
DA:150,1
DA:152,1
DA:171,3
DA:173,3
DA:174,3
DA:175,1
DA:180,2
DA:181,2
DA:182,1
DA:186,1
DA:191,1
DA:192,0
DA:195,1
DA:197,1
DA:200,3
LF:56
LH:55
BRDA:51,0,0,1
BRDA:51,0,1,2
BRDA:57,1,0,1
BRDA:57,1,1,1
BRDA:94,2,0,1
BRDA:94,2,1,2
BRDA:101,3,0,1
BRDA:101,3,1,1
BRDA:131,4,0,1
BRDA:131,4,1,2
BRDA:138,5,0,1
BRDA:138,5,1,1
BRDA:174,6,0,1
BRDA:174,6,1,2
BRDA:181,7,0,1
BRDA:181,7,1,1
BRDA:191,8,0,0
BRDA:191,8,1,1
BRF:18
BRH:17
end_of_record
TN:
SF:startup/config.js
FN:3,(anonymous_0)
FNF:1
FNH:1
FNDA:3,(anonymous_0)
DA:1,3
DA:3,3
DA:4,3
DA:5,0
LF:4
LH:3
BRDA:4,0,0,0
BRDA:4,0,1,3
BRF:2
BRH:1
end_of_record
TN:
SF:startup/db.js
FN:5,(anonymous_0)
FN:18,(anonymous_1)
FNF:2
FNH:2
FNDA:3,(anonymous_0)
FNDA:2,(anonymous_1)
DA:1,3
DA:2,3
DA:3,3
DA:5,3
DA:12,3
DA:13,3
DA:19,2
LF:7
LH:7
BRDA:14,0,0,3
BRDA:14,0,1,3
BRF:2
BRH:2
end_of_record
TN:
SF:startup/logs.js
FN:5,(anonymous_0)
FN:23,(anonymous_1)
FNF:2
FNH:1
FNDA:3,(anonymous_0)
FNDA:0,(anonymous_1)
DA:1,3
DA:2,3
DA:5,3
DA:16,3
DA:23,3
DA:24,0
DA:27,3
LF:7
LH:6
BRF:0
BRH:0
end_of_record
TN:
SF:startup/routes.js
FN:15,(anonymous_0)
FNF:1
FNH:1
FNDA:3,(anonymous_0)
DA:2,3
DA:5,3
DA:6,3
DA:7,3
DA:8,3
DA:9,3
DA:10,3
DA:13,3
DA:15,3
DA:17,3
DA:20,3
DA:23,3
DA:26,3
DA:29,3
DA:32,3
DA:35,3
DA:37,3
LF:17
LH:17
BRF:0
BRH:0
end_of_record
TN:
SF:startup/validate.js
FN:3,(anonymous_0)
FNF:1
FNH:1
FNDA:3,(anonymous_0)
DA:1,3
DA:3,3
DA:4,3
LF:3
LH:3
BRF:0
BRH:0
end_of_record
